Determining if the pthread_create exist failed with the following output:
Change Dir: /home/zhujun/MVS/ACMP/build/CMakeFiles/CMakeTmp

Run Build Command:"/usr/bin/make" "cmTC_fb3f4/fast"
/usr/bin/make -f CMakeFiles/cmTC_fb3f4.dir/build.make CMakeFiles/cmTC_fb3f4.dir/build
make[1]: 进入目录“/home/zhujun/MVS/ACMP/build/CMakeFiles/CMakeTmp”
Building C object CMakeFiles/cmTC_fb3f4.dir/CheckSymbolExists.c.o
/usr/bin/x86_64-linux-gnu-gcc-7   -fPIC    -o CMakeFiles/cmTC_fb3f4.dir/CheckSymbolExists.c.o   -c /home/zhujun/MVS/ACMP/build/CMakeFiles/CMakeTmp/CheckSymbolExists.c
Linking C executable cmTC_fb3f4
/usr/bin/cmake -E cmake_link_script CMakeFiles/cmTC_fb3f4.dir/link.txt --verbose=1
/usr/bin/x86_64-linux-gnu-gcc-7 -fPIC     -rdynamic CMakeFiles/cmTC_fb3f4.dir/CheckSymbolExists.c.o  -o cmTC_fb3f4 
CMakeFiles/cmTC_fb3f4.dir/CheckSymbolExists.c.o：在函数‘main’中：
CheckSymbolExists.c:(.text+0x1b)：对‘pthread_create’未定义的引用
collect2: error: ld returned 1 exit status
CMakeFiles/cmTC_fb3f4.dir/build.make:97: recipe for target 'cmTC_fb3f4' failed
make[1]: *** [cmTC_fb3f4] Error 1
make[1]: 离开目录“/home/zhujun/MVS/ACMP/build/CMakeFiles/CMakeTmp”
Makefile:126: recipe for target 'cmTC_fb3f4/fast' failed
make: *** [cmTC_fb3f4/fast] Error 2

File /home/zhujun/MVS/ACMP/build/CMakeFiles/CMakeTmp/CheckSymbolExists.c:
/* */
#include <pthread.h>

int main(int argc, char** argv)
{
  (void)argv;
#ifndef pthread_create
  return ((int*)(&pthread_create))[argc];
#else
  (void)argc;
  return 0;
#endif
}

Determining if the function pthread_create exists in the pthreads failed with the following output:
Change Dir: /home/zhujun/MVS/ACMP/build/CMakeFiles/CMakeTmp

Run Build Command:"/usr/bin/make" "cmTC_545af/fast"
/usr/bin/make -f CMakeFiles/cmTC_545af.dir/build.make CMakeFiles/cmTC_545af.dir/build
make[1]: 进入目录“/home/zhujun/MVS/ACMP/build/CMakeFiles/CMakeTmp”
Building C object CMakeFiles/cmTC_545af.dir/CheckFunctionExists.c.o
/usr/bin/x86_64-linux-gnu-gcc-7   -fPIC -DCHECK_FUNCTION_EXISTS=pthread_create   -o CMakeFiles/cmTC_545af.dir/CheckFunctionExists.c.o   -c /usr/share/cmake-3.10/Modules/CheckFunctionExists.c
Linking C executable cmTC_545af
/usr/bin/cmake -E cmake_link_script CMakeFiles/cmTC_545af.dir/link.txt --verbose=1
/usr/bin/x86_64-linux-gnu-gcc-7 -fPIC -DCHECK_FUNCTION_EXISTS=pthread_create    -rdynamic CMakeFiles/cmTC_545af.dir/CheckFunctionExists.c.o  -o cmTC_545af -lpthreads 
/usr/bin/ld: 找不到 -lpthreads
collect2: error: ld returned 1 exit status
CMakeFiles/cmTC_545af.dir/build.make:97: recipe for target 'cmTC_545af' failed
make[1]: *** [cmTC_545af] Error 1
make[1]: 离开目录“/home/zhujun/MVS/ACMP/build/CMakeFiles/CMakeTmp”
Makefile:126: recipe for target 'cmTC_545af/fast' failed
make: *** [cmTC_545af/fast] Error 2


